0 info it worked if it ends with ok
1 verbose cli [ 'C:\\Program Files (x86)\\nodejs\\\\node.exe',
1 verbose cli   'C:\\Program Files (x86)\\nodejs\\node_modules\\npm\\bin\\npm-cli.js',
1 verbose cli   'install',
1 verbose cli   'b1' ]
2 info using npm@1.4.3
3 info using node@v0.10.26
4 verbose node symlink C:\Program Files (x86)\nodejs\\node.exe
5 verbose cache add [ 'b1', null ]
6 verbose cache add name=undefined spec="b1" args=["b1",null]
7 verbose parsed url { protocol: null,
7 verbose parsed url   slashes: null,
7 verbose parsed url   auth: null,
7 verbose parsed url   host: null,
7 verbose parsed url   port: null,
7 verbose parsed url   hostname: null,
7 verbose parsed url   hash: null,
7 verbose parsed url   search: null,
7 verbose parsed url   query: null,
7 verbose parsed url   pathname: 'b1',
7 verbose parsed url   path: 'b1',
7 verbose parsed url   href: 'b1' }
8 silly lockFile 7e83ca2a-b1 b1
9 verbose lock b1 C:\Users\lehrerm\AppData\Roaming\npm-cache\7e83ca2a-b1.lock
10 silly lockFile 7e83ca2a-b1 b1
11 silly lockFile 7e83ca2a-b1 b1
12 verbose addNamed [ 'b1', '' ]
13 verbose addNamed [ null, '*' ]
14 silly lockFile c61c1abc-b1 b1@
15 verbose lock b1@ C:\Users\lehrerm\AppData\Roaming\npm-cache\c61c1abc-b1.lock
16 silly addNameRange { name: 'b1', range: '*', hasData: false }
17 verbose url raw b1
18 verbose url resolving [ 'https://registry.npmjs.org/', './b1' ]
19 verbose url resolved https://registry.npmjs.org/b1
20 info trying registry request attempt 1 at 13:48:08
21 http GET https://registry.npmjs.org/b1
22 info retry will retry, error on last attempt: Error: tunneling socket could not be established, cause=connect ETIMEDOUT
23 info trying registry request attempt 2 at 13:48:39
24 http GET https://registry.npmjs.org/b1
25 info retry will retry, error on last attempt: Error: tunneling socket could not be established, cause=connect ETIMEDOUT
26 info trying registry request attempt 3 at 13:50:00
27 http GET https://registry.npmjs.org/b1
28 silly lockFile c61c1abc-b1 b1@
29 silly lockFile c61c1abc-b1 b1@
30 error network tunneling socket could not be established, cause=connect ETIMEDOUT
30 error network This is most likely not a problem with npm itself
30 error network and is related to network connectivity.
30 error network In most cases you are behind a proxy or have bad network settings.
30 error network
30 error network If you are behind a proxy, please make sure that the
30 error network 'proxy' config is set properly.  See: 'npm help config'
31 error System Windows_NT 6.1.7601
32 error command "C:\\Program Files (x86)\\nodejs\\\\node.exe" "C:\\Program Files (x86)\\nodejs\\node_modules\\npm\\bin\\npm-cli.js" "install" "b1"
33 error cwd C:\Projects\learnyounode\8
34 error node -v v0.10.26
35 error npm -v 1.4.3
36 error code ECONNRESET
37 verbose exit [ 1, true ]
